ERROR - 2022-10-05 08:10:47 --> Error connecting to the database: ErrorException: mysqli::real_connect(): php_network_getaddresses: getaddrinfo for mysql-seetalk.alwaysdata.net failed: Hï¿½te inconnu.  in C:\xampp\htdocs\SeeTalk\Code\SeeTalk\system\Database\MySQLi\Connection.php:171
Stack trace:
#0 [internal function]: CodeIgniter\Debug\Exceptions->errorHandler(2, 'mysqli::real_co...', 'C:\\xampp\\htdocs...', 171)
#1 C:\xampp\htdocs\SeeTalk\Code\SeeTalk\system\Database\MySQLi\Connection.php(171): mysqli->real_connect('mysql-seetalk.a...', 'seetalk', 'Btssio82300', 'seetalk_bdd', 3306, '', 0)
#2 C:\xampp\htdocs\SeeTalk\Code\SeeTalk\system\Database\BaseConnection.php(382): CodeIgniter\Database\MySQLi\Connection->connect(false)
#3 C:\xampp\htdocs\SeeTalk\Code\SeeTalk\system\Database\BaseConnection.php(588): CodeIgniter\Database\BaseConnection->initialize()
#4 C:\xampp\htdocs\SeeTalk\Code\SeeTalk\system\Database\BaseBuilder.php(1585): CodeIgniter\Database\BaseConnection->query('SELECT *\nFROM `...', Array, false)
#5 C:\xampp\htdocs\SeeTalk\Code\SeeTalk\system\Model.php(223): CodeIgniter\Database\BaseBuilder->get()
#6 C:\xampp\htdocs\SeeTalk\Code\SeeTalk\system\BaseModel.php(584): CodeIgniter\Model->doFindAll(0, 0)
#7 C:\xampp\htdocs\SeeTalk\Code\SeeTalk\app\Controllers\Pages.php(14): CodeIgniter\BaseModel->findAll()
#8 C:\xampp\htdocs\SeeTalk\Code\SeeTalk\system\CodeIgniter.php(907): App\Controllers\Pages->accueil()
#9 C:\xampp\htdocs\SeeTalk\Code\SeeTalk\system\CodeIgniter.php(457): CodeIgniter\CodeIgniter->runController(Object(App\Controllers\Pages))
#10 C:\xampp\htdocs\SeeTalk\Code\SeeTalk\system\CodeIgniter.php(340): CodeIgniter\CodeIgniter->handleRequest(NULL, Object(Config\Cache), false)
#11 C:\xampp\htdocs\SeeTalk\Code\SeeTalk\public\index.php(67): CodeIgniter\CodeIgniter->run()
#12 {main}

Next mysqli_sql_exception: php_network_getaddresses: getaddrinfo for mysql-seetalk.alwaysdata.net failed: Hôte inconnu.  in C:\xampp\htdocs\SeeTalk\Code\SeeTalk\system\Database\MySQLi\Connection.php:171
Stack trace:
#0 C:\xampp\htdocs\SeeTalk\Code\SeeTalk\system\Database\MySQLi\Connection.php(171): mysqli->real_connect('mysql-seetalk.a...', 'seetalk', 'Btssio82300', 'seetalk_bdd', 3306, '', 0)
#1 C:\xampp\htdocs\SeeTalk\Code\SeeTalk\system\Database\BaseConnection.php(382): CodeIgniter\Database\MySQLi\Connection->connect(false)
#2 C:\xampp\htdocs\SeeTalk\Code\SeeTalk\system\Database\BaseConnection.php(588): CodeIgniter\Database\BaseConnection->initialize()
#3 C:\xampp\htdocs\SeeTalk\Code\SeeTalk\system\Database\BaseBuilder.php(1585): CodeIgniter\Database\BaseConnection->query('SELECT *\nFROM `...', Array, false)
#4 C:\xampp\htdocs\SeeTalk\Code\SeeTalk\system\Model.php(223): CodeIgniter\Database\BaseBuilder->get()
#5 C:\xampp\htdocs\SeeTalk\Code\SeeTalk\system\BaseModel.php(584): CodeIgniter\Model->doFindAll(0, 0)
#6 C:\xampp\htdocs\SeeTalk\Code\SeeTalk\app\Controllers\Pages.php(14): CodeIgniter\BaseModel->findAll()
#7 C:\xampp\htdocs\SeeTalk\Code\SeeTalk\system\CodeIgniter.php(907): App\Controllers\Pages->accueil()
#8 C:\xampp\htdocs\SeeTalk\Code\SeeTalk\system\CodeIgniter.php(457): CodeIgniter\CodeIgniter->runController(Object(App\Controllers\Pages))
#9 C:\xampp\htdocs\SeeTalk\Code\SeeTalk\system\CodeIgniter.php(340): CodeIgniter\CodeIgniter->handleRequest(NULL, Object(Config\Cache), false)
#10 C:\xampp\htdocs\SeeTalk\Code\SeeTalk\public\index.php(67): CodeIgniter\CodeIgniter->run()
#11 {main}

Next CodeIgniter\Database\Exceptions\DatabaseException: php_network_getaddresses: getaddrinfo for mysql-****.alwaysdata.net failed: Hôte inconnu.  in C:\xampp\htdocs\SeeTalk\Code\SeeTalk\system\Database\MySQLi\Connection.php:215
Stack trace:
#0 C:\xampp\htdocs\SeeTalk\Code\SeeTalk\system\Database\BaseConnection.php(382): CodeIgniter\Database\MySQLi\Connection->connect(false)
#1 C:\xampp\htdocs\SeeTalk\Code\SeeTalk\system\Database\BaseConnection.php(588): CodeIgniter\Database\BaseConnection->initialize()
#2 C:\xampp\htdocs\SeeTalk\Code\SeeTalk\system\Database\BaseBuilder.php(1585): CodeIgniter\Database\BaseConnection->query('SELECT *\nFROM `...', Array, false)
#3 C:\xampp\htdocs\SeeTalk\Code\SeeTalk\system\Model.php(223): CodeIgniter\Database\BaseBuilder->get()
#4 C:\xampp\htdocs\SeeTalk\Code\SeeTalk\system\BaseModel.php(584): CodeIgniter\Model->doFindAll(0, 0)
#5 C:\xampp\htdocs\SeeTalk\Code\SeeTalk\app\Controllers\Pages.php(14): CodeIgniter\BaseModel->findAll()
#6 C:\xampp\htdocs\SeeTalk\Code\SeeTalk\system\CodeIgniter.php(907): App\Controllers\Pages->accueil()
#7 C:\xampp\htdocs\SeeTalk\Code\SeeTalk\system\CodeIgniter.php(457): CodeIgniter\CodeIgniter->runController(Object(App\Controllers\Pages))
#8 C:\xampp\htdocs\SeeTalk\Code\SeeTalk\system\CodeIgniter.php(340): CodeIgniter\CodeIgniter->handleRequest(NULL, Object(Config\Cache), false)
#9 C:\xampp\htdocs\SeeTalk\Code\SeeTalk\public\index.php(67): CodeIgniter\CodeIgniter->run()
#10 {main}
CRITICAL - 2022-10-05 08:10:47 --> Unable to connect to the database.
Main connection [MySQLi]: php_network_getaddresses: getaddrinfo for mysql-****.alwaysdata.net failed: Hôte inconnu. 
in SYSTEMPATH\Database\BaseConnection.php on line 418.
 1 SYSTEMPATH\Database\BaseConnection.php(588): CodeIgniter\Database\BaseConnection->initialize()
 2 SYSTEMPATH\Database\BaseBuilder.php(1585): CodeIgniter\Database\BaseConnection->query('SELECT *
FROM `UTILISATEUR`', [], false)
 3 SYSTEMPATH\Model.php(223): CodeIgniter\Database\BaseBuilder->get()
 4 SYSTEMPATH\BaseModel.php(584): CodeIgniter\Model->doFindAll(0, 0)
 5 APPPATH\Controllers\Pages.php(14): CodeIgniter\BaseModel->findAll()
 6 SYSTEMPATH\CodeIgniter.php(907): App\Controllers\Pages->accueil()
 7 SYSTEMPATH\CodeIgniter.php(457): CodeIgniter\CodeIgniter->runController(Object(App\Controllers\Pages))
 8 SYSTEMPATH\CodeIgniter.php(340): CodeIgniter\CodeIgniter->handleRequest(null, Object(Config\Cache), false)
 9 FCPATH\index.php(67): CodeIgniter\CodeIgniter->run()
ERROR - 2022-10-05 08:11:05 --> Error connecting to the database: ErrorException: mysqli::real_connect(): php_network_getaddresses: getaddrinfo for mysql-seetalk.alwaysdata.net failed: Hï¿½te inconnu.  in C:\xampp\htdocs\SeeTalk\Code\SeeTalk\system\Database\MySQLi\Connection.php:171
Stack trace:
#0 [internal function]: CodeIgniter\Debug\Exceptions->errorHandler(2, 'mysqli::real_co...', 'C:\\xampp\\htdocs...', 171)
#1 C:\xampp\htdocs\SeeTalk\Code\SeeTalk\system\Database\MySQLi\Connection.php(171): mysqli->real_connect('mysql-seetalk.a...', 'seetalk', 'Btssio82300', 'seetalk_bdd', 3306, '', 0)
#2 C:\xampp\htdocs\SeeTalk\Code\SeeTalk\system\Database\BaseConnection.php(382): CodeIgniter\Database\MySQLi\Connection->connect(false)
#3 C:\xampp\htdocs\SeeTalk\Code\SeeTalk\system\Database\BaseConnection.php(588): CodeIgniter\Database\BaseConnection->initialize()
#4 C:\xampp\htdocs\SeeTalk\Code\SeeTalk\system\Database\BaseBuilder.php(1585): CodeIgniter\Database\BaseConnection->query('SELECT *\nFROM `...', Array, false)
#5 C:\xampp\htdocs\SeeTalk\Code\SeeTalk\system\Model.php(223): CodeIgniter\Database\BaseBuilder->get()
#6 C:\xampp\htdocs\SeeTalk\Code\SeeTalk\system\BaseModel.php(584): CodeIgniter\Model->doFindAll(0, 0)
#7 C:\xampp\htdocs\SeeTalk\Code\SeeTalk\app\Controllers\Pages.php(14): CodeIgniter\BaseModel->findAll()
#8 C:\xampp\htdocs\SeeTalk\Code\SeeTalk\system\CodeIgniter.php(907): App\Controllers\Pages->accueil()
#9 C:\xampp\htdocs\SeeTalk\Code\SeeTalk\system\CodeIgniter.php(457): CodeIgniter\CodeIgniter->runController(Object(App\Controllers\Pages))
#10 C:\xampp\htdocs\SeeTalk\Code\SeeTalk\system\CodeIgniter.php(340): CodeIgniter\CodeIgniter->handleRequest(NULL, Object(Config\Cache), false)
#11 C:\xampp\htdocs\SeeTalk\Code\SeeTalk\public\index.php(67): CodeIgniter\CodeIgniter->run()
#12 {main}

Next mysqli_sql_exception: php_network_getaddresses: getaddrinfo for mysql-seetalk.alwaysdata.net failed: Hôte inconnu.  in C:\xampp\htdocs\SeeTalk\Code\SeeTalk\system\Database\MySQLi\Connection.php:171
Stack trace:
#0 C:\xampp\htdocs\SeeTalk\Code\SeeTalk\system\Database\MySQLi\Connection.php(171): mysqli->real_connect('mysql-seetalk.a...', 'seetalk', 'Btssio82300', 'seetalk_bdd', 3306, '', 0)
#1 C:\xampp\htdocs\SeeTalk\Code\SeeTalk\system\Database\BaseConnection.php(382): CodeIgniter\Database\MySQLi\Connection->connect(false)
#2 C:\xampp\htdocs\SeeTalk\Code\SeeTalk\system\Database\BaseConnection.php(588): CodeIgniter\Database\BaseConnection->initialize()
#3 C:\xampp\htdocs\SeeTalk\Code\SeeTalk\system\Database\BaseBuilder.php(1585): CodeIgniter\Database\BaseConnection->query('SELECT *\nFROM `...', Array, false)
#4 C:\xampp\htdocs\SeeTalk\Code\SeeTalk\system\Model.php(223): CodeIgniter\Database\BaseBuilder->get()
#5 C:\xampp\htdocs\SeeTalk\Code\SeeTalk\system\BaseModel.php(584): CodeIgniter\Model->doFindAll(0, 0)
#6 C:\xampp\htdocs\SeeTalk\Code\SeeTalk\app\Controllers\Pages.php(14): CodeIgniter\BaseModel->findAll()
#7 C:\xampp\htdocs\SeeTalk\Code\SeeTalk\system\CodeIgniter.php(907): App\Controllers\Pages->accueil()
#8 C:\xampp\htdocs\SeeTalk\Code\SeeTalk\system\CodeIgniter.php(457): CodeIgniter\CodeIgniter->runController(Object(App\Controllers\Pages))
#9 C:\xampp\htdocs\SeeTalk\Code\SeeTalk\system\CodeIgniter.php(340): CodeIgniter\CodeIgniter->handleRequest(NULL, Object(Config\Cache), false)
#10 C:\xampp\htdocs\SeeTalk\Code\SeeTalk\public\index.php(67): CodeIgniter\CodeIgniter->run()
#11 {main}

Next CodeIgniter\Database\Exceptions\DatabaseException: php_network_getaddresses: getaddrinfo for mysql-****.alwaysdata.net failed: Hôte inconnu.  in C:\xampp\htdocs\SeeTalk\Code\SeeTalk\system\Database\MySQLi\Connection.php:215
Stack trace:
#0 C:\xampp\htdocs\SeeTalk\Code\SeeTalk\system\Database\BaseConnection.php(382): CodeIgniter\Database\MySQLi\Connection->connect(false)
#1 C:\xampp\htdocs\SeeTalk\Code\SeeTalk\system\Database\BaseConnection.php(588): CodeIgniter\Database\BaseConnection->initialize()
#2 C:\xampp\htdocs\SeeTalk\Code\SeeTalk\system\Database\BaseBuilder.php(1585): CodeIgniter\Database\BaseConnection->query('SELECT *\nFROM `...', Array, false)
#3 C:\xampp\htdocs\SeeTalk\Code\SeeTalk\system\Model.php(223): CodeIgniter\Database\BaseBuilder->get()
#4 C:\xampp\htdocs\SeeTalk\Code\SeeTalk\system\BaseModel.php(584): CodeIgniter\Model->doFindAll(0, 0)
#5 C:\xampp\htdocs\SeeTalk\Code\SeeTalk\app\Controllers\Pages.php(14): CodeIgniter\BaseModel->findAll()
#6 C:\xampp\htdocs\SeeTalk\Code\SeeTalk\system\CodeIgniter.php(907): App\Controllers\Pages->accueil()
#7 C:\xampp\htdocs\SeeTalk\Code\SeeTalk\system\CodeIgniter.php(457): CodeIgniter\CodeIgniter->runController(Object(App\Controllers\Pages))
#8 C:\xampp\htdocs\SeeTalk\Code\SeeTalk\system\CodeIgniter.php(340): CodeIgniter\CodeIgniter->handleRequest(NULL, Object(Config\Cache), false)
#9 C:\xampp\htdocs\SeeTalk\Code\SeeTalk\public\index.php(67): CodeIgniter\CodeIgniter->run()
#10 {main}
CRITICAL - 2022-10-05 08:11:05 --> Unable to connect to the database.
Main connection [MySQLi]: php_network_getaddresses: getaddrinfo for mysql-****.alwaysdata.net failed: Hôte inconnu. 
in SYSTEMPATH\Database\BaseConnection.php on line 418.
 1 SYSTEMPATH\Database\BaseConnection.php(588): CodeIgniter\Database\BaseConnection->initialize()
 2 SYSTEMPATH\Database\BaseBuilder.php(1585): CodeIgniter\Database\BaseConnection->query('SELECT *
FROM `UTILISATEUR`', [], false)
 3 SYSTEMPATH\Model.php(223): CodeIgniter\Database\BaseBuilder->get()
 4 SYSTEMPATH\BaseModel.php(584): CodeIgniter\Model->doFindAll(0, 0)
 5 APPPATH\Controllers\Pages.php(14): CodeIgniter\BaseModel->findAll()
 6 SYSTEMPATH\CodeIgniter.php(907): App\Controllers\Pages->accueil()
 7 SYSTEMPATH\CodeIgniter.php(457): CodeIgniter\CodeIgniter->runController(Object(App\Controllers\Pages))
 8 SYSTEMPATH\CodeIgniter.php(340): CodeIgniter\CodeIgniter->handleRequest(null, Object(Config\Cache), false)
 9 FCPATH\index.php(67): CodeIgniter\CodeIgniter->run()
