CRITICAL - 2022-10-19 09:34:13 --> CodeIgniter\Database\BaseConnection::prepare(): Argument #1 ($func) must be of type Closure, string given, called in C:\xampp\htdocs\SeeTalk\Code\SeeTalk\system\Model.php on line 768
in SYSTEMPATH\Database\BaseConnection.php on line 909.
 1 SYSTEMPATH\Model.php(768): CodeIgniter\Database\BaseConnection->prepare('SELECT VALIDATION FROM UTILISATEUR WHERE VALIDATION = 0')
 2 APPPATH\Controllers\Auth.php(92): CodeIgniter\Model->__call('prepare', [...])
 3 SYSTEMPATH\CodeIgniter.php(907): App\Controllers\Auth->validation()
 4 SYSTEMPATH\CodeIgniter.php(457): CodeIgniter\CodeIgniter->runController(Object(App\Controllers\Auth))
 5 SYSTEMPATH\CodeIgniter.php(340): CodeIgniter\CodeIgniter->handleRequest(null, Object(Config\Cache), false)
 6 FCPATH\index.php(67): CodeIgniter\CodeIgniter->run()
CRITICAL - 2022-10-19 09:50:00 --> Array to string conversion
in APPPATH\Controllers\Auth.php on line 94.
 1 APPPATH\Controllers\Auth.php(94): CodeIgniter\Debug\Exceptions->errorHandler(2, 'Array to string conversion', 'APPPATH\\Controllers\\Auth.php', 94)
 2 SYSTEMPATH\CodeIgniter.php(907): App\Controllers\Auth->validation()
 3 SYSTEMPATH\CodeIgniter.php(457): CodeIgniter\CodeIgniter->runController(Object(App\Controllers\Auth))
 4 SYSTEMPATH\CodeIgniter.php(340): CodeIgniter\CodeIgniter->handleRequest(null, Object(Config\Cache), false)
 5 FCPATH\index.php(67): CodeIgniter\CodeIgniter->run()
CRITICAL - 2022-10-19 09:50:07 --> Array to string conversion
in APPPATH\Controllers\Auth.php on line 94.
 1 APPPATH\Controllers\Auth.php(94): CodeIgniter\Debug\Exceptions->errorHandler(2, 'Array to string conversion', 'APPPATH\\Controllers\\Auth.php', 94)
 2 SYSTEMPATH\CodeIgniter.php(907): App\Controllers\Auth->validation()
 3 SYSTEMPATH\CodeIgniter.php(457): CodeIgniter\CodeIgniter->runController(Object(App\Controllers\Auth))
 4 SYSTEMPATH\CodeIgniter.php(340): CodeIgniter\CodeIgniter->handleRequest(null, Object(Config\Cache), false)
 5 FCPATH\index.php(67): CodeIgniter\CodeIgniter->run()
CRITICAL - 2022-10-19 09:50:19 --> Array to string conversion
in APPPATH\Controllers\Auth.php on line 94.
 1 APPPATH\Controllers\Auth.php(94): CodeIgniter\Debug\Exceptions->errorHandler(2, 'Array to string conversion', 'APPPATH\\Controllers\\Auth.php', 94)
 2 SYSTEMPATH\CodeIgniter.php(907): App\Controllers\Auth->validation()
 3 SYSTEMPATH\CodeIgniter.php(457): CodeIgniter\CodeIgniter->runController(Object(App\Controllers\Auth))
 4 SYSTEMPATH\CodeIgniter.php(340): CodeIgniter\CodeIgniter->handleRequest(null, Object(Config\Cache), false)
 5 FCPATH\index.php(67): CodeIgniter\CodeIgniter->run()
CRITICAL - 2022-10-19 09:50:48 --> Array to string conversion
in APPPATH\Controllers\Auth.php on line 94.
 1 APPPATH\Controllers\Auth.php(94): CodeIgniter\Debug\Exceptions->errorHandler(2, 'Array to string conversion', 'APPPATH\\Controllers\\Auth.php', 94)
 2 SYSTEMPATH\CodeIgniter.php(907): App\Controllers\Auth->validation()
 3 SYSTEMPATH\CodeIgniter.php(457): CodeIgniter\CodeIgniter->runController(Object(App\Controllers\Auth))
 4 SYSTEMPATH\CodeIgniter.php(340): CodeIgniter\CodeIgniter->handleRequest(null, Object(Config\Cache), false)
 5 FCPATH\index.php(67): CodeIgniter\CodeIgniter->run()
CRITICAL - 2022-10-19 09:52:20 --> Array to string conversion
in APPPATH\Controllers\Auth.php on line 94.
 1 APPPATH\Controllers\Auth.php(94): CodeIgniter\Debug\Exceptions->errorHandler(2, 'Array to string conversion', 'APPPATH\\Controllers\\Auth.php', 94)
 2 SYSTEMPATH\CodeIgniter.php(907): App\Controllers\Auth->validation()
 3 SYSTEMPATH\CodeIgniter.php(457): CodeIgniter\CodeIgniter->runController(Object(App\Controllers\Auth))
 4 SYSTEMPATH\CodeIgniter.php(340): CodeIgniter\CodeIgniter->handleRequest(null, Object(Config\Cache), false)
 5 FCPATH\index.php(67): CodeIgniter\CodeIgniter->run()
CRITICAL - 2022-10-19 09:52:27 --> syntax error, unexpected token "}", expecting ";"
in APPPATH\Controllers\Auth.php on line 95.
 1 SYSTEMPATH\Autoloader\Autoloader.php(259): CodeIgniter\Autoloader\Autoloader->includeFile('APPPATH\\Controllers\\Auth.php')
 2 SYSTEMPATH\Autoloader\Autoloader.php(237): CodeIgniter\Autoloader\Autoloader->loadInNamespace('App\\Controllers\\Auth')
 3 [internal function]: CodeIgniter\Autoloader\Autoloader->loadClass('App\\Controllers\\Auth')
 4 SYSTEMPATH\CodeIgniter.php(857): class_exists('\\App\\Controllers\\Auth', true)
 5 SYSTEMPATH\CodeIgniter.php(444): CodeIgniter\CodeIgniter->startController()
 6 SYSTEMPATH\CodeIgniter.php(340): CodeIgniter\CodeIgniter->handleRequest(null, Object(Config\Cache), false)
 7 FCPATH\index.php(67): CodeIgniter\CodeIgniter->run()
CRITICAL - 2022-10-19 10:25:56 --> foreach() argument must be of type array|object, string given
in APPPATH\Views\validation.php on line 7.
 1 APPPATH\Views\validation.php(7): CodeIgniter\Debug\Exceptions->errorHandler(2, 'foreach() argument must be of type array|object, string given', 'APPPATH\\Views\\validation.php', 7)
 2 SYSTEMPATH\View\View.php(213): include('APPPATH\\Views\\validation.php')
 3 SYSTEMPATH\View\View.php(216): CodeIgniter\View\View->CodeIgniter\View\{closure}()
 4 SYSTEMPATH\Common.php(1142): CodeIgniter\View\View->render('validation', [], true)
 5 APPPATH\Controllers\Auth.php(93): view('validation', [...])
 6 SYSTEMPATH\CodeIgniter.php(907): App\Controllers\Auth->validation()
 7 SYSTEMPATH\CodeIgniter.php(457): CodeIgniter\CodeIgniter->runController(Object(App\Controllers\Auth))
 8 SYSTEMPATH\CodeIgniter.php(340): CodeIgniter\CodeIgniter->handleRequest(null, Object(Config\Cache), false)
 9 FCPATH\index.php(67): CodeIgniter\CodeIgniter->run()
CRITICAL - 2022-10-19 10:28:37 --> Array to string conversion
in APPPATH\Views\validation.php on line 10.
 1 APPPATH\Views\validation.php(10): CodeIgniter\Debug\Exceptions->errorHandler(2, 'Array to string conversion', 'APPPATH\\Views\\validation.php', 10)
 2 SYSTEMPATH\View\View.php(213): include('APPPATH\\Views\\validation.php')
 3 SYSTEMPATH\View\View.php(216): CodeIgniter\View\View->CodeIgniter\View\{closure}()
 4 SYSTEMPATH\Common.php(1142): CodeIgniter\View\View->render('validation', [], true)
 5 APPPATH\Controllers\Auth.php(93): view('validation', [...])
 6 SYSTEMPATH\CodeIgniter.php(907): App\Controllers\Auth->validation()
 7 SYSTEMPATH\CodeIgniter.php(457): CodeIgniter\CodeIgniter->runController(Object(App\Controllers\Auth))
 8 SYSTEMPATH\CodeIgniter.php(340): CodeIgniter\CodeIgniter->handleRequest(null, Object(Config\Cache), false)
 9 FCPATH\index.php(67): CodeIgniter\CodeIgniter->run()
CRITICAL - 2022-10-19 10:32:04 --> Array to string conversion
in APPPATH\Views\validation.php on line 10.
 1 APPPATH\Views\validation.php(10): CodeIgniter\Debug\Exceptions->errorHandler(2, 'Array to string conversion', 'APPPATH\\Views\\validation.php', 10)
 2 SYSTEMPATH\View\View.php(213): include('APPPATH\\Views\\validation.php')
 3 SYSTEMPATH\View\View.php(216): CodeIgniter\View\View->CodeIgniter\View\{closure}()
 4 SYSTEMPATH\Common.php(1142): CodeIgniter\View\View->render('validation', [], true)
 5 APPPATH\Controllers\Auth.php(93): view('validation', [...])
 6 SYSTEMPATH\CodeIgniter.php(907): App\Controllers\Auth->validation()
 7 SYSTEMPATH\CodeIgniter.php(457): CodeIgniter\CodeIgniter->runController(Object(App\Controllers\Auth))
 8 SYSTEMPATH\CodeIgniter.php(340): CodeIgniter\CodeIgniter->handleRequest(null, Object(Config\Cache), false)
 9 FCPATH\index.php(67): CodeIgniter\CodeIgniter->run()
ERROR - 2022-10-19 10:37:03 --> mysqli_sql_exception: Table 'seetalk_bdd.UTILISATEUR' doesn't exist in C:\xampp\htdocs\SeeTalk\Code\SeeTalk\system\Database\MySQLi\Connection.php:292
Stack trace:
#0 C:\xampp\htdocs\SeeTalk\Code\SeeTalk\system\Database\MySQLi\Connection.php(292): mysqli->query('select * from U...', 0)
#1 C:\xampp\htdocs\SeeTalk\Code\SeeTalk\system\Database\BaseConnection.php(693): CodeIgniter\Database\MySQLi\Connection->execute('select * from U...')
#2 C:\xampp\htdocs\SeeTalk\Code\SeeTalk\system\Database\BaseConnection.php(620): CodeIgniter\Database\BaseConnection->simpleQuery('select * from U...')
#3 C:\xampp\htdocs\SeeTalk\Code\SeeTalk\system\Model.php(768): CodeIgniter\Database\BaseConnection->query('select * from U...')
#4 C:\xampp\htdocs\SeeTalk\Code\SeeTalk\app\Controllers\Gestion.php(12): CodeIgniter\Model->__call('query', Array)
#5 C:\xampp\htdocs\SeeTalk\Code\SeeTalk\system\CodeIgniter.php(907): App\Controllers\Gestion->gestion_utilisateurs()
#6 C:\xampp\htdocs\SeeTalk\Code\SeeTalk\system\CodeIgniter.php(457): CodeIgniter\CodeIgniter->runController(Object(App\Controllers\Gestion))
#7 C:\xampp\htdocs\SeeTalk\Code\SeeTalk\system\CodeIgniter.php(340): CodeIgniter\CodeIgniter->handleRequest(NULL, Object(Config\Cache), false)
#8 C:\xampp\htdocs\SeeTalk\Code\SeeTalk\public\index.php(67): CodeIgniter\CodeIgniter->run()
#9 {main}
CRITICAL - 2022-10-19 10:37:03 --> Table 'seetalk_bdd.UTILISATEUR' doesn't exist
in SYSTEMPATH\Database\MySQLi\Connection.php on line 292.
 1 SYSTEMPATH\Database\MySQLi\Connection.php(292): mysqli->query('select * from UTILISATEUR', 0)
 2 SYSTEMPATH\Database\BaseConnection.php(693): CodeIgniter\Database\MySQLi\Connection->execute('select * from UTILISATEUR')
 3 SYSTEMPATH\Database\BaseConnection.php(620): CodeIgniter\Database\BaseConnection->simpleQuery('select * from UTILISATEUR')
 4 SYSTEMPATH\Model.php(768): CodeIgniter\Database\BaseConnection->query('select * from UTILISATEUR')
 5 APPPATH\Controllers\Gestion.php(12): CodeIgniter\Model->__call('query', [...])
 6 SYSTEMPATH\CodeIgniter.php(907): App\Controllers\Gestion->gestion_utilisateurs()
 7 SYSTEMPATH\CodeIgniter.php(457): CodeIgniter\CodeIgniter->runController(Object(App\Controllers\Gestion))
 8 SYSTEMPATH\CodeIgniter.php(340): CodeIgniter\CodeIgniter->handleRequest(null, Object(Config\Cache), false)
 9 FCPATH\index.php(67): CodeIgniter\CodeIgniter->run()
CRITICAL - 2022-10-19 10:41:38 --> Undefined array key 0
in APPPATH\Views\validation.php on line 16.
 1 APPPATH\Views\validation.php(16): CodeIgniter\Debug\Exceptions->errorHandler(2, 'Undefined array key 0', 'APPPATH\\Views\\validation.php', 16)
 2 SYSTEMPATH\View\View.php(213): include('APPPATH\\Views\\validation.php')
 3 SYSTEMPATH\View\View.php(216): CodeIgniter\View\View->CodeIgniter\View\{closure}()
 4 SYSTEMPATH\Common.php(1142): CodeIgniter\View\View->render('validation', [], true)
 5 APPPATH\Controllers\Auth.php(93): view('validation', [...])
 6 SYSTEMPATH\CodeIgniter.php(907): App\Controllers\Auth->validation()
 7 SYSTEMPATH\CodeIgniter.php(457): CodeIgniter\CodeIgniter->runController(Object(App\Controllers\Auth))
 8 SYSTEMPATH\CodeIgniter.php(340): CodeIgniter\CodeIgniter->handleRequest(null, Object(Config\Cache), false)
 9 FCPATH\index.php(67): CodeIgniter\CodeIgniter->run()
CRITICAL - 2022-10-19 10:43:28 --> Array to string conversion
in APPPATH\Views\validation.php on line 16.
 1 APPPATH\Views\validation.php(16): CodeIgniter\Debug\Exceptions->errorHandler(2, 'Array to string conversion', 'APPPATH\\Views\\validation.php', 16)
 2 SYSTEMPATH\View\View.php(213): include('APPPATH\\Views\\validation.php')
 3 SYSTEMPATH\View\View.php(216): CodeIgniter\View\View->CodeIgniter\View\{closure}()
 4 SYSTEMPATH\Common.php(1142): CodeIgniter\View\View->render('validation', [], true)
 5 APPPATH\Controllers\Auth.php(93): view('validation', [...])
 6 SYSTEMPATH\CodeIgniter.php(907): App\Controllers\Auth->validation()
 7 SYSTEMPATH\CodeIgniter.php(457): CodeIgniter\CodeIgniter->runController(Object(App\Controllers\Auth))
 8 SYSTEMPATH\CodeIgniter.php(340): CodeIgniter\CodeIgniter->handleRequest(null, Object(Config\Cache), false)
 9 FCPATH\index.php(67): CodeIgniter\CodeIgniter->run()
CRITICAL - 2022-10-19 10:46:48 --> Unclosed '{' on line 23
in APPPATH\Views\validation.php on line 31.
 1 SYSTEMPATH\View\View.php(216): CodeIgniter\View\View->CodeIgniter\View\{closure}()
 2 SYSTEMPATH\Common.php(1142): CodeIgniter\View\View->render('validation', [], true)
 3 APPPATH\Controllers\Auth.php(93): view('validation', [...])
 4 SYSTEMPATH\CodeIgniter.php(907): App\Controllers\Auth->validation()
 5 SYSTEMPATH\CodeIgniter.php(457): CodeIgniter\CodeIgniter->runController(Object(App\Controllers\Auth))
 6 SYSTEMPATH\CodeIgniter.php(340): CodeIgniter\CodeIgniter->handleRequest(null, Object(Config\Cache), false)
 7 FCPATH\index.php(67): CodeIgniter\CodeIgniter->run()
CRITICAL - 2022-10-19 10:47:40 --> Undefined array key 0
in APPPATH\Views\validation.php on line 16.
 1 APPPATH\Views\validation.php(16): CodeIgniter\Debug\Exceptions->errorHandler(2, 'Undefined array key 0', 'APPPATH\\Views\\validation.php', 16)
 2 SYSTEMPATH\View\View.php(213): include('APPPATH\\Views\\validation.php')
 3 SYSTEMPATH\View\View.php(216): CodeIgniter\View\View->CodeIgniter\View\{closure}()
 4 SYSTEMPATH\Common.php(1142): CodeIgniter\View\View->render('validation', [], true)
 5 APPPATH\Controllers\Auth.php(93): view('validation', [...])
 6 SYSTEMPATH\CodeIgniter.php(907): App\Controllers\Auth->validation()
 7 SYSTEMPATH\CodeIgniter.php(457): CodeIgniter\CodeIgniter->runController(Object(App\Controllers\Auth))
 8 SYSTEMPATH\CodeIgniter.php(340): CodeIgniter\CodeIgniter->handleRequest(null, Object(Config\Cache), false)
 9 FCPATH\index.php(67): CodeIgniter\CodeIgniter->run()
CRITICAL - 2022-10-19 11:09:11 --> Undefined variable $i
in APPPATH\Views\gestion_utilisateurs.php on line 17.
 1 APPPATH\Views\gestion_utilisateurs.php(17): CodeIgniter\Debug\Exceptions->errorHandler(2, 'Undefined variable $i', 'APPPATH\\Views\\gestion_utilisateurs.php', 17)
 2 SYSTEMPATH\View\View.php(213): include('APPPATH\\Views\\gestion_utilisateurs.php')
 3 SYSTEMPATH\View\View.php(216): CodeIgniter\View\View->CodeIgniter\View\{closure}()
 4 SYSTEMPATH\Common.php(1142): CodeIgniter\View\View->render('/gestion_utilisateurs', [], true)
 5 APPPATH\Controllers\Gestion.php(15): view('/gestion_utilisateurs', [...])
 6 SYSTEMPATH\CodeIgniter.php(907): App\Controllers\Gestion->gestion_utilisateurs()
 7 SYSTEMPATH\CodeIgniter.php(457): CodeIgniter\CodeIgniter->runController(Object(App\Controllers\Gestion))
 8 SYSTEMPATH\CodeIgniter.php(340): CodeIgniter\CodeIgniter->handleRequest(null, Object(Config\Cache), false)
 9 FCPATH\index.php(67): CodeIgniter\CodeIgniter->run()
