CRITICAL - 2022-10-12 10:29:40 --> CodeIgniter\Router\RouteCollection::getFilterForRoute(): Return value must be of type string, array returned
in SYSTEMPATH\Router\RouteCollection.php on line 1090.
 1 SYSTEMPATH\Router\Router.php(188): CodeIgniter\Router\RouteCollection->getFilterForRoute('inscription')
 2 SYSTEMPATH\CodeIgniter.php(782): CodeIgniter\Router\Router->handle('inscription')
 3 SYSTEMPATH\CodeIgniter.php(406): CodeIgniter\CodeIgniter->tryToRouteIt(Object(CodeIgniter\Router\RouteCollection))
 4 SYSTEMPATH\CodeIgniter.php(340): CodeIgniter\CodeIgniter->handleRequest(null, Object(Config\Cache), false)
 5 FCPATH\index.php(67): CodeIgniter\CodeIgniter->run()
CRITICAL - 2022-10-12 10:29:59 --> CodeIgniter\Router\RouteCollection::getFilterForRoute(): Return value must be of type string, array returned
in SYSTEMPATH\Router\RouteCollection.php on line 1090.
 1 SYSTEMPATH\Router\Router.php(188): CodeIgniter\Router\RouteCollection->getFilterForRoute('inscription')
 2 SYSTEMPATH\CodeIgniter.php(782): CodeIgniter\Router\Router->handle('inscription')
 3 SYSTEMPATH\CodeIgniter.php(406): CodeIgniter\CodeIgniter->tryToRouteIt(Object(CodeIgniter\Router\RouteCollection))
 4 SYSTEMPATH\CodeIgniter.php(340): CodeIgniter\CodeIgniter->handleRequest(null, Object(Config\Cache), false)
 5 FCPATH\index.php(67): CodeIgniter\CodeIgniter->run()
CRITICAL - 2022-10-12 10:30:56 --> CodeIgniter\Router\RouteCollection::getFilterForRoute(): Return value must be of type string, array returned
in SYSTEMPATH\Router\RouteCollection.php on line 1090.
 1 SYSTEMPATH\Router\Router.php(188): CodeIgniter\Router\RouteCollection->getFilterForRoute('inscription')
 2 SYSTEMPATH\CodeIgniter.php(782): CodeIgniter\Router\Router->handle('inscription')
 3 SYSTEMPATH\CodeIgniter.php(406): CodeIgniter\CodeIgniter->tryToRouteIt(Object(CodeIgniter\Router\RouteCollection))
 4 SYSTEMPATH\CodeIgniter.php(340): CodeIgniter\CodeIgniter->handleRequest(null, Object(Config\Cache), false)
 5 FCPATH\index.php(67): CodeIgniter\CodeIgniter->run()
CRITICAL - 2022-10-12 10:32:15 --> CodeIgniter\Router\RouteCollection::getFilterForRoute(): Return value must be of type string, array returned
in SYSTEMPATH\Router\RouteCollection.php on line 1090.
 1 SYSTEMPATH\Router\Router.php(188): CodeIgniter\Router\RouteCollection->getFilterForRoute('inscription')
 2 SYSTEMPATH\CodeIgniter.php(782): CodeIgniter\Router\Router->handle('inscription')
 3 SYSTEMPATH\CodeIgniter.php(406): CodeIgniter\CodeIgniter->tryToRouteIt(Object(CodeIgniter\Router\RouteCollection))
 4 SYSTEMPATH\CodeIgniter.php(340): CodeIgniter\CodeIgniter->handleRequest(null, Object(Config\Cache), false)
 5 FCPATH\index.php(67): CodeIgniter\CodeIgniter->run()
CRITICAL - 2022-10-12 10:48:16 --> Trying to access array offset on value of type null
in APPPATH\Controllers\Gestion.php on line 35.
 1 APPPATH\Controllers\Gestion.php(35): CodeIgniter\Debug\Exceptions->errorHandler(2, 'Trying to access array offset on value of type null', 'APPPATH\\Controllers\\Gestion.php', 35)
 2 SYSTEMPATH\CodeIgniter.php(907): App\Controllers\Gestion->modifier('accueil')
 3 SYSTEMPATH\CodeIgniter.php(457): CodeIgniter\CodeIgniter->runController(Object(App\Controllers\Gestion))
 4 SYSTEMPATH\CodeIgniter.php(340): CodeIgniter\CodeIgniter->handleRequest(null, Object(Config\Cache), false)
 5 FCPATH\index.php(67): CodeIgniter\CodeIgniter->run()
CRITICAL - 2022-10-12 10:48:40 --> Trying to access array offset on value of type null
in APPPATH\Controllers\Gestion.php on line 35.
 1 APPPATH\Controllers\Gestion.php(35): CodeIgniter\Debug\Exceptions->errorHandler(2, 'Trying to access array offset on value of type null', 'APPPATH\\Controllers\\Gestion.php', 35)
 2 SYSTEMPATH\CodeIgniter.php(907): App\Controllers\Gestion->modifier('accueil')
 3 SYSTEMPATH\CodeIgniter.php(457): CodeIgniter\CodeIgniter->runController(Object(App\Controllers\Gestion))
 4 SYSTEMPATH\CodeIgniter.php(340): CodeIgniter\CodeIgniter->handleRequest(null, Object(Config\Cache), false)
 5 FCPATH\index.php(67): CodeIgniter\CodeIgniter->run()
CRITICAL - 2022-10-12 10:52:44 --> Trying to access array offset on value of type null
in APPPATH\Controllers\Gestion.php on line 35.
 1 APPPATH\Controllers\Gestion.php(35): CodeIgniter\Debug\Exceptions->errorHandler(2, 'Trying to access array offset on value of type null', 'APPPATH\\Controllers\\Gestion.php', 35)
 2 SYSTEMPATH\CodeIgniter.php(907): App\Controllers\Gestion->modifier('accueil')
 3 SYSTEMPATH\CodeIgniter.php(457): CodeIgniter\CodeIgniter->runController(Object(App\Controllers\Gestion))
 4 SYSTEMPATH\CodeIgniter.php(340): CodeIgniter\CodeIgniter->handleRequest(null, Object(Config\Cache), false)
 5 FCPATH\index.php(67): CodeIgniter\CodeIgniter->run()
CRITICAL - 2022-10-12 11:22:56 --> CodeIgniter\Router\RouteCollection::getFilterForRoute(): Return value must be of type string, array returned
in SYSTEMPATH\Router\RouteCollection.php on line 1090.
 1 SYSTEMPATH\Router\Router.php(188): CodeIgniter\Router\RouteCollection->getFilterForRoute('gestion_utilisateurs')
 2 SYSTEMPATH\CodeIgniter.php(782): CodeIgniter\Router\Router->handle('gestion_utilisateurs')
 3 SYSTEMPATH\CodeIgniter.php(406): CodeIgniter\CodeIgniter->tryToRouteIt(Object(CodeIgniter\Router\RouteCollection))
 4 SYSTEMPATH\CodeIgniter.php(340): CodeIgniter\CodeIgniter->handleRequest(null, Object(Config\Cache), false)
 5 FCPATH\index.php(67): CodeIgniter\CodeIgniter->run()
